[16:08:13] [main/INFO] (FabricLoader/GameProvider) Loading Minecraft 1.21 with Fabric Loader 0.15.11
[16:08:14] [main/INFO] (FabricLoader) Loading 42 mods:
	- fabric-api 0.100.1+1.21
	- fabric-api-base 0.4.42+6573ed8c90
	- fabric-api-lookup-api-v1 1.6.65+b559734490
	- fabric-biome-api-v1 13.0.28+6fc22b9990
	- fabric-block-api-v1 1.0.22+0af3f5a790
	- fabric-block-view-api-v2 1.0.10+6573ed8c90
	- fabric-command-api-v1 1.2.48+f71b366f90
	- fabric-command-api-v2 2.2.27+6a6dfa1990
	- fabric-commands-v0 0.2.65+df3654b390
	- fabric-content-registries-v0 8.0.11+b559734490
	- fabric-convention-tags-v1 2.0.12+7f945d5b90
	- fabric-convention-tags-v2 2.2.1+d153f34490
	- fabric-crash-report-info-v1 0.2.29+0af3f5a790
	- fabric-data-attachment-api-v1 1.1.22+6a6dfa1990
	- fabric-data-generation-api-v1 20.2.6+16c4ae2590
	- fabric-dimensions-v1 4.0.0+6fc22b9990
	- fabric-entity-events-v1 1.6.12+6fc22b9990
	- fabric-events-interaction-v0 0.7.10+e633f88390
	- fabric-game-rule-api-v1 1.0.52+6573ed8c90
	- fabric-gametest-api-v1 2.0.0+6fc22b9990
	- fabric-item-api-v1 11.0.0+afdfc92190
	- fabric-item-group-api-v1 4.1.0+00ab0a6390
	- fabric-lifecycle-events-v1 2.3.9+98a7dbbb90
	- fabric-loot-api-v2 3.0.9+6573ed8c90
	- fabric-message-api-v1 6.0.13+6573ed8c90
	- fabric-networking-api-v1 4.1.0+686dcdce90
	- fabric-object-builder-api-v1 15.1.10+d132107690
	- fabric-particles-v1 4.0.2+6573ed8c90
	- fabric-recipe-api-v1 5.0.8+6573ed8c90
	- fabric-registry-sync-v0 5.0.21+b9828ba390
	- fabric-rendering-data-attachment-v1 0.3.48+73761d2e90
	- fabric-rendering-fluids-v1 3.1.6+b559734490
	- fabric-resource-conditions-api-v1 4.2.1+d153f34490
	- fabric-resource-loader-v0 1.1.3+b559734490
	- fabric-screen-handler-api-v1 1.3.78+b559734490
	- fabric-transfer-api-v1 5.1.12+b559734490
	- fabric-transitive-access-wideners-v1 6.0.12+6573ed8c90
	- fabricloader 0.15.11
	- hws 1.0
	- java 21
	- minecraft 1.21
	- mixinextras 0.3.5
[16:08:14] [main/INFO] (FabricLoader/Mixin) SpongePowered MIXIN Subsystem Version=0.8.5 Source=file:/D:/.gradle/caches/modules-2/files-2.1/net.fabricmc/sponge-mixin/0.13.3+mixin.0.8.5/9527e6b0d2449408958fd1302594dc65ec5ade9c/sponge-mixin-0.13.3+mixin.0.8.5.jar Service=Knot/Fabric Env=SERVER
[16:08:14] [main/INFO] (FabricLoader/Mixin) Loaded Fabric development mappings for mixin remapper!
[16:08:14] [main/INFO] (FabricLoader/Mixin) Compatibility level set to JAVA_17
[16:08:14] [main/INFO] (FabricLoader/Mixin) Compatibility level set to JAVA_18
[16:08:14] [main/INFO] (FabricLoader/Mixin) Compatibility level set to JAVA_21
[16:08:15] [main/INFO] (FabricLoader/MixinExtras|Service) Initializing MixinExtras via com.llamalad7.mixinextras.service.MixinExtrasServiceImpl(version=0.3.5).
[16:08:26] [main/INFO] (HTcpWebServer) Hello to HTcpWebServer
[16:08:26] [main/INFO] (Minecraft) Environment: Environment[sessionHost=https://sessionserver.mojang.com, servicesHost=https://api.minecraftservices.com, name=PROD]
[16:08:29] [main/INFO] (Minecraft) Loaded 1290 recipes
[16:08:29] [main/INFO] (Minecraft) Loaded 1399 advancements
[16:08:30] [main/INFO] (BiomeModificationImpl) Applied 0 biome modifications to 0 of 64 new biomes in 1.412 ms
[16:08:30] [Server thread/INFO] (Minecraft) Starting minecraft server version 1.21
[16:08:30] [Server thread/INFO] (Minecraft) Loading properties
[16:08:30] [Server thread/INFO] (Minecraft) Default game type: SURVIVAL
[16:08:30] [Server thread/INFO] (Minecraft) Generating keypair
[16:08:30] [Server thread/INFO] (Minecraft) Starting Minecraft server on *:25565
[16:08:30] [Server thread/INFO] (Minecraft) Using default channel type
[16:08:30] [Server thread/WARN] (Minecraft) **** SERVER IS RUNNING IN OFFLINE/INSECURE MODE!
[16:08:30] [Server thread/WARN] (Minecraft) The server will make no attempt to authenticate usernames. Beware.
[16:08:30] [Server thread/WARN] (Minecraft) While this makes the game possible to play without internet access, it also opens up the ability for hackers to connect with any username they choose.
[16:08:30] [Server thread/WARN] (Minecraft) To change this, set "online-mode" to "true" in the server.properties file.
[16:08:30] [Server thread/INFO] (Minecraft) Preparing level "world"
[16:08:32] [Server thread/INFO] (Minecraft) Preparing start region for dimension minecraft:overworld
[16:08:32] [Worker-Main-8/INFO] (Minecraft) Preparing spawn area: 0%
[16:08:32] [Worker-Main-8/INFO] (Minecraft) Preparing spawn area: 0%
[16:08:33] [Server thread/INFO] (Minecraft) Time elapsed: 858 ms
[16:08:33] [Server thread/INFO] (Minecraft) Done (2.096s)! For help, type "help"
[16:10:54] [Server thread/INFO] (Minecraft) Player600[/127.0.0.1:17214] logged in with entity id 57 at (18.5, 70.0, -57.5)
[16:10:54] [Server thread/INFO] (Minecraft) Player600 joined the game
[16:10:54] [Server thread/WARN] (Minecraft) UUID of added entity already exists: Bat['Bat'/62, l='ServerLevel[world]', x=5.41, y=-17.19, z=-96.93]
[16:10:59] [Server thread/INFO] (Minecraft) [Not Secure] <Player600> wow
[16:11:09] [Server thread/INFO] (Minecraft) Player600 lost connection: Disconnected
[16:11:09] [Server thread/INFO] (Minecraft) Player600 left the game
[16:11:25] [Server thread/INFO] (Minecraft) Stopping the server
[16:11:25] [Server thread/INFO] (Minecraft) Stopping server
[16:11:25] [Server thread/INFO] (Minecraft) Saving players
[16:11:25] [Server thread/INFO] (Minecraft) Saving worlds
[16:11:25] [Server thread/INFO] (Minecraft) Saving chunks for level 'ServerLevel[world]'/minecraft:overworld
[16:11:25] [Server thread/INFO] (Minecraft) Saving chunks for level 'ServerLevel[world]'/minecraft:the_nether
[16:11:25] [Server thread/INFO] (Minecraft) Saving chunks for level 'ServerLevel[world]'/minecraft:the_end
[16:11:25] [Server thread/INFO] (Minecraft) ThreadedAnvilChunkStorage (world): All chunks are saved
[16:11:25] [Server thread/INFO] (Minecraft) ThreadedAnvilChunkStorage (DIM-1): All chunks are saved
[16:11:25] [Server thread/INFO] (Minecraft) ThreadedAnvilChunkStorage (DIM1): All chunks are saved
[16:11:25] [Server thread/INFO] (Minecraft) ThreadedAnvilChunkStorage: All dimensions are saved
