[15:32:52] [main/INFO] (FabricLoader/GameProvider) Loading Minecraft 1.21 with Fabric Loader 0.15.11
[15:32:52] [main/INFO] (FabricLoader) Loading 54 mods:
	- fabric-api 0.100.1+1.21
	- fabric-api-base 0.4.42+6573ed8c90
	- fabric-api-lookup-api-v1 1.6.65+b559734490
	- fabric-biome-api-v1 13.0.28+6fc22b9990
	- fabric-block-api-v1 1.0.22+0af3f5a790
	- fabric-block-view-api-v2 1.0.10+6573ed8c90
	- fabric-blockrenderlayer-v1 1.1.52+0af3f5a790
	- fabric-client-tags-api-v1 1.1.15+6573ed8c90
	- fabric-command-api-v1 1.2.48+f71b366f90
	- fabric-command-api-v2 2.2.27+6a6dfa1990
	- fabric-commands-v0 0.2.65+df3654b390
	- fabric-content-registries-v0 8.0.11+b559734490
	- fabric-convention-tags-v1 2.0.12+7f945d5b90
	- fabric-convention-tags-v2 2.2.1+d153f34490
	- fabric-crash-report-info-v1 0.2.29+0af3f5a790
	- fabric-data-attachment-api-v1 1.1.22+6a6dfa1990
	- fabric-data-generation-api-v1 20.2.6+16c4ae2590
	- fabric-dimensions-v1 4.0.0+6fc22b9990
	- fabric-entity-events-v1 1.6.12+6fc22b9990
	- fabric-events-interaction-v0 0.7.10+e633f88390
	- fabric-game-rule-api-v1 1.0.52+6573ed8c90
	- fabric-gametest-api-v1 2.0.0+6fc22b9990
	- fabric-item-api-v1 11.0.0+afdfc92190
	- fabric-item-group-api-v1 4.1.0+00ab0a6390
	- fabric-key-binding-api-v1 1.0.47+0af3f5a790
	- fabric-keybindings-v0 0.2.45+df3654b390
	- fabric-lifecycle-events-v1 2.3.9+98a7dbbb90
	- fabric-loot-api-v2 3.0.9+6573ed8c90
	- fabric-message-api-v1 6.0.13+6573ed8c90
	- fabric-model-loading-api-v1 2.0.0+fe474d6b90
	- fabric-networking-api-v1 4.1.0+686dcdce90
	- fabric-object-builder-api-v1 15.1.10+d132107690
	- fabric-particles-v1 4.0.2+6573ed8c90
	- fabric-recipe-api-v1 5.0.8+6573ed8c90
	- fabric-registry-sync-v0 5.0.21+b9828ba390
	- fabric-renderer-api-v1 3.2.16+fe474d6b90
	- fabric-renderer-indigo 1.6.3+cc9f121a90
	- fabric-renderer-registries-v1 3.2.66+df3654b390
	- fabric-rendering-data-attachment-v1 0.3.48+73761d2e90
	- fabric-rendering-fluids-v1 3.1.6+b559734490
	- fabric-rendering-v0 1.1.69+df3654b390
	- fabric-rendering-v1 5.0.3+d132107690
	- fabric-resource-conditions-api-v1 4.2.1+d153f34490
	- fabric-resource-loader-v0 1.1.3+b559734490
	- fabric-screen-api-v1 2.0.24+b559734490
	- fabric-screen-handler-api-v1 1.3.78+b559734490
	- fabric-sound-api-v1 1.0.23+6573ed8c90
	- fabric-transfer-api-v1 5.1.12+b559734490
	- fabric-transitive-access-wideners-v1 6.0.12+6573ed8c90
	- fabricloader 0.15.11
	- hws 1.0
	- java 21
	- minecraft 1.21
	- mixinextras 0.3.5
[15:32:52] [main/INFO] (FabricLoader/Mixin) SpongePowered MIXIN Subsystem Version=0.8.5 Source=file:/D:/.gradle/caches/modules-2/files-2.1/net.fabricmc/sponge-mixin/0.13.3+mixin.0.8.5/9527e6b0d2449408958fd1302594dc65ec5ade9c/sponge-mixin-0.13.3+mixin.0.8.5.jar Service=Knot/Fabric Env=CLIENT
[15:32:52] [main/INFO] (FabricLoader/Mixin) Loaded Fabric development mappings for mixin remapper!
[15:32:52] [main/INFO] (FabricLoader/Mixin) Compatibility level set to JAVA_17
[15:32:52] [main/INFO] (FabricLoader/Mixin) Compatibility level set to JAVA_18
[15:32:52] [main/INFO] (FabricLoader/Mixin) Compatibility level set to JAVA_21
[15:32:56] [main/INFO] (FabricLoader/MixinExtras|Service) Initializing MixinExtras via com.llamalad7.mixinextras.service.MixinExtrasServiceImpl(version=0.3.5).
[15:33:00] [Datafixer Bootstrap/INFO] (Minecraft) 226 Datafixer optimizations took 1412 milliseconds
[15:33:13] [Render thread/INFO] (Minecraft) Environment: Environment[sessionHost=https://sessionserver.mojang.com, servicesHost=https://api.minecraftservices.com, name=PROD]
[15:33:13] [Render thread/INFO] (Minecraft) Setting user: Player932
[15:33:13] [Render thread/INFO] (HTcpWebServer) Hello to HTcpWebServer
[15:33:13] [Render thread/INFO] (Indigo) [Indigo] Registering Indigo renderer!
[15:33:14] [Render thread/INFO] (Minecraft) Backend library: LWJGL version 3.3.3-snapshot
[15:33:18] [Render thread/INFO] (Minecraft) Reloading ResourceManager: vanilla, fabric, fabric-api, fabric-api-base, fabric-api-lookup-api-v1, fabric-biome-api-v1, fabric-block-api-v1, fabric-block-view-api-v2, fabric-blockrenderlayer-v1, fabric-client-tags-api-v1, fabric-command-api-v1, fabric-command-api-v2, fabric-commands-v0, fabric-content-registries-v0, fabric-convention-tags-v1, fabric-convention-tags-v2, fabric-crash-report-info-v1, fabric-data-attachment-api-v1, fabric-data-generation-api-v1, fabric-dimensions-v1, fabric-entity-events-v1, fabric-events-interaction-v0, fabric-game-rule-api-v1, fabric-gametest-api-v1, fabric-item-api-v1, fabric-item-group-api-v1, fabric-key-binding-api-v1, fabric-keybindings-v0, fabric-lifecycle-events-v1, fabric-loot-api-v2, fabric-message-api-v1, fabric-model-loading-api-v1, fabric-networking-api-v1, fabric-object-builder-api-v1, fabric-particles-v1, fabric-recipe-api-v1, fabric-registry-sync-v0, fabric-renderer-api-v1, fabric-renderer-indigo, fabric-renderer-registries-v1, fabric-rendering-data-attachment-v1, fabric-rendering-fluids-v1, fabric-rendering-v0, fabric-rendering-v1, fabric-resource-conditions-api-v1, fabric-resource-loader-v0, fabric-screen-api-v1, fabric-screen-handler-api-v1, fabric-sound-api-v1, fabric-transfer-api-v1, fabric-transitive-access-wideners-v1, fabricloader
[15:33:18] [Worker-Main-3/INFO] (Minecraft) Found unifont_all_no_pua-15.1.05.hex, loading
[15:33:18] [Worker-Main-10/INFO] (Minecraft) Found unifont_jp_patch-15.1.05.hex, loading
[15:33:22] [Render thread/WARN] (Minecraft) Missing sound for event: minecraft:item.goat_horn.play
[15:33:22] [Render thread/WARN] (Minecraft) Missing sound for event: minecraft:entity.goat.screaming.horn_break
[15:33:23] [Render thread/INFO] (Minecraft) OpenAL initialized on device OpenAL Soft on ±¾»úÑïÉùÆ÷ (Audio Device)
[15:33:23] [Render thread/INFO] (Minecraft) Sound engine started
[15:33:23] [Render thread/INFO] (Minecraft) Created: 1024x512x4 minecraft:textures/atlas/blocks.png-atlas
[15:33:23] [Render thread/INFO] (Minecraft) Created: 256x256x4 minecraft:textures/atlas/signs.png-atlas
[15:33:23] [Render thread/INFO] (Minecraft) Created: 512x512x4 minecraft:textures/atlas/shield_patterns.png-atlas
[15:33:24] [Render thread/INFO] (Minecraft) Created: 512x512x4 minecraft:textures/atlas/banner_patterns.png-atlas
[15:33:24] [Render thread/INFO] (Minecraft) Created: 1024x1024x4 minecraft:textures/atlas/armor_trims.png-atlas
[15:33:25] [Render thread/INFO] (Minecraft) Created: 128x64x4 minecraft:textures/atlas/decorated_pot.png-atlas
[15:33:26] [Render thread/INFO] (Minecraft) Created: 256x256x4 minecraft:textures/atlas/chest.png-atlas
[15:33:26] [Render thread/INFO] (Minecraft) Created: 512x256x4 minecraft:textures/atlas/shulker_boxes.png-atlas
[15:33:26] [Render thread/INFO] (Minecraft) Created: 512x256x4 minecraft:textures/atlas/beds.png-atlas
[15:33:26] [Render thread/INFO] (Minecraft) Created: 512x256x0 minecraft:textures/atlas/particles.png-atlas
[15:33:26] [Render thread/INFO] (Minecraft) Created: 512x256x0 minecraft:textures/atlas/paintings.png-atlas
[15:33:26] [Render thread/INFO] (Minecraft) Created: 256x128x0 minecraft:textures/atlas/mob_effects.png-atlas
[15:33:26] [Render thread/INFO] (Minecraft) Created: 64x64x0 minecraft:textures/atlas/map_decorations.png-atlas
[15:33:26] [Render thread/INFO] (Minecraft) Created: 1024x512x0 minecraft:textures/atlas/gui.png-atlas
[15:33:26] [Render thread/WARN] (Minecraft) Shader rendertype_entity_translucent_emissive could not find sampler named Sampler2 in the specified shader program.
[15:33:32] [Render thread/INFO] (Minecraft) Connecting to play.simpfun.cn, 19436
[15:33:34] [Render thread/INFO] (Minecraft) Loaded 2 advancements
[15:33:38] [Render thread/INFO] (Minecraft) [Not Secure] [CHAT] <Player932> hi???
[15:33:58] [Render thread/WARN] (Minecraft) Client disconnected with reason: Server closed
[15:35:27] [Render thread/ERROR] (Minecraft) Can't ping play.simpfun.cn:19436: Disconnected
[15:35:35] [Render thread/INFO] (Minecraft) Connecting to play.simpfun.cn, 19436
[15:35:38] [Render thread/INFO] (Minecraft) Connecting to play.simpfun.cn, 19436
[15:35:44] [Render thread/INFO] (Minecraft) Connecting to play.simpfun.cn, 19436
[16:03:17] [Render thread/INFO] (Minecraft) Connecting to localhost, 25565
[16:03:17] [Render thread/WARN] (Minecraft) Not all defined tags for registry ResourceKey[minecraft:root / minecraft:fluid] are present in data pack: c:beetroot_soup, c:experience, c:gaseous, c:mushroom_stew, c:potion, c:rabbit_stew, c:suspicious_stew, forge:beetroot_soup, forge:gaseous, forge:milk, forge:mushroom_stew, forge:potion, forge:rabbit_stew, forge:suspicious_stew
[16:03:17] [Render thread/WARN] (Minecraft) Not all defined tags for registry ResourceKey[minecraft:root / minecraft:block] are present in data pack: c:concretes, c:glass_blocks/cheap, c:glass_blocks/colorless, c:glass_blocks/tinted, c:glass_panes/colorless, c:glazed_terracottas, c:obsidians, c:obsidians/crying, c:obsidians/normal, c:stripped_logs, c:stripped_woods, forge:barrels, forge:barrels/wooden, forge:bookshelves, forge:chests, forge:chests/ender, forge:chests/trapped, forge:chests/wooden, forge:chorus_additionally_grows_on, forge:cobblestone, forge:cobblestone/deepslate, forge:cobblestone/infested, forge:cobblestone/mossy, forge:cobblestone/normal, forge:end_stones, forge:enderman_place_on_blacklist, forge:fence_gates, forge:fence_gates/wooden, forge:fences, forge:fences/nether_brick, forge:fences/wooden, forge:glass, forge:glass/black, forge:glass/blue, forge:glass/brown, forge:glass/colorless, forge:glass/cyan, forge:glass/gray, forge:glass/green, forge:glass/light_blue, forge:glass/light_gray, forge:glass/lime, forge:glass/magenta, forge:glass/orange, forge:glass/pink, forge:glass/purple, forge:glass/red, forge:glass/silica, forge:glass/tinted, forge:glass/white, forge:glass/yellow, forge:glass_panes, forge:glass_panes/black, forge:glass_panes/blue, forge:glass_panes/brown, forge:glass_panes/colorless, forge:glass_panes/cyan, forge:glass_panes/gray, forge:glass_panes/green, forge:glass_panes/light_blue, forge:glass_panes/light_gray, forge:glass_panes/lime, forge:glass_panes/magenta, forge:glass_panes/orange, forge:glass_panes/pink, forge:glass_panes/purple, forge:glass_panes/red, forge:glass_panes/white, forge:glass_panes/yellow, forge:gravel, forge:netherrack, forge:obsidian, forge:ore_bearing_ground/deepslate, forge:ore_bearing_ground/netherrack, forge:ore_bearing_ground/stone, forge:ore_rates/dense, forge:ore_rates/singular, forge:ore_rates/sparse, forge:ores, forge:ores/coal, forge:ores/copper, forge:ores/diamond, forge:ores/emerald, forge:ores/gold, forge:ores/iron, forge:ores/lapis, forge:ores/netherite_scrap, forge:ores/quartz, forge:ores/redstone, forge:ores_in_ground/deepslate, forge:ores_in_ground/netherrack, forge:ores_in_ground/stone, forge:sand, forge:sand/colorless, forge:sand/red, forge:sandstone, forge:stained_glass, forge:stained_glass_panes, forge:stone, forge:storage_blocks, forge:storage_blocks/amethyst, forge:storage_blocks/coal, forge:storage_blocks/copper, forge:storage_blocks/diamond, forge:storage_blocks/emerald, forge:storage_blocks/gold, forge:storage_blocks/iron, forge:storage_blocks/lapis, forge:storage_blocks/netherite, forge:storage_blocks/quartz, forge:storage_blocks/raw_copper, forge:storage_blocks/raw_gold, forge:storage_blocks/raw_iron, forge:storage_blocks/redstone
[16:03:17] [Render thread/WARN] (Minecraft) Not all defined tags for registry ResourceKey[minecraft:root / minecraft:item] are present in data pack: c:animal_foods, c:concrete_powders, c:concretes, c:crops, c:crops/beetroot, c:crops/cactus, c:crops/carrot, c:crops/cocoa_bean, c:crops/melon, c:crops/nether_wart, c:crops/potato, c:crops/pumpkin, c:crops/sugar_cane, c:crops/wheat, c:ender_pearls, c:fertilizers, c:foods/berry, c:foods/bread, c:foods/candy, c:foods/cooked_fish, c:foods/cooked_meat, c:foods/cookie, c:foods/fruit, c:foods/golden, c:foods/pie, c:foods/raw_fish, c:foods/raw_meat, c:foods/soup, c:foods/vegetable, c:glass_blocks/cheap, c:glass_blocks/colorless, c:glass_blocks/tinted, c:glass_panes/colorless, c:glazed_terracottas, c:nuggets/gold, c:nuggets/iron, c:obsidians, c:obsidians/crying, c:obsidians/normal, c:slime_balls, c:stripped_logs, c:stripped_woods, c:tools/igniter, c:tools/mace, forge:armors, forge:armors/boots, forge:armors/chestplates, forge:armors/helmets, forge:armors/leggings, forge:barrels, forge:barrels/wooden, forge:bones, forge:bookshelves, forge:chests, forge:chests/ender, forge:chests/trapped, forge:chests/wooden, forge:cobblestone, forge:cobblestone/deepslate, forge:cobblestone/infested, forge:cobblestone/mossy, forge:cobblestone/normal, forge:crops, forge:crops/beetroot, forge:crops/carrot, forge:crops/nether_wart, forge:crops/potato, forge:crops/wheat, forge:dusts, forge:dusts/glowstone, forge:dusts/prismarine, forge:dusts/redstone, forge:dyes, forge:dyes/black, forge:dyes/blue, forge:dyes/brown, forge:dyes/cyan, forge:dyes/gray, forge:dyes/green, forge:dyes/light_blue, forge:dyes/light_gray, forge:dyes/lime, forge:dyes/magenta, forge:dyes/orange, forge:dyes/pink, forge:dyes/purple, forge:dyes/red, forge:dyes/white, forge:dyes/yellow, forge:eggs, forge:enchanting_fuels, forge:end_stones, forge:ender_pearls, forge:feathers, forge:fence_gates, forge:fence_gates/wooden, forge:fences, forge:fences/nether_brick, forge:fences/wooden, forge:foods/pie, forge:gems, forge:gems/amethyst, forge:gems/diamond, forge:gems/emerald, forge:gems/lapis, forge:gems/prismarine, forge:gems/quartz, forge:glass, forge:glass/black, forge:glass/blue, forge:glass/brown, forge:glass/colorless, forge:glass/cyan, forge:glass/gray, forge:glass/green, forge:glass/light_blue, forge:glass/light_gray, forge:glass/lime, forge:glass/magenta, forge:glass/orange, forge:glass/pink, forge:glass/purple, forge:glass/red, forge:glass/silica, forge:glass/tinted, forge:glass/white, forge:glass/yellow, forge:glass_panes, forge:glass_panes/black, forge:glass_panes/blue, forge:glass_panes/brown, forge:glass_panes/colorless, forge:glass_panes/cyan, forge:glass_panes/gray, forge:glass_panes/green, forge:glass_panes/light_blue, forge:glass_panes/light_gray, forge:glass_panes/lime, forge:glass_panes/magenta, forge:glass_panes/orange, forge:glass_panes/pink, forge:glass_panes/purple, forge:glass_panes/red, forge:glass_panes/white, forge:glass_panes/yellow, forge:gravel, forge:gunpowder, forge:heads, forge:ingots, forge:ingots/brick, forge:ingots/copper, forge:ingots/gold, forge:ingots/iron, forge:ingots/nether_brick, forge:ingots/netherite, forge:leather, forge:mushrooms, forge:nether_stars, forge:netherrack, forge:nuggets, forge:nuggets/gold, forge:nuggets/iron, forge:obsidian, forge:ore_bearing_ground/deepslate, forge:ore_bearing_ground/netherrack, forge:ore_bearing_ground/stone, forge:ore_rates/dense, forge:ore_rates/singular, forge:ore_rates/sparse, forge:ores, forge:ores/coal, forge:ores/copper, forge:ores/diamond, forge:ores/emerald, forge:ores/gold, forge:ores/iron, forge:ores/lapis, forge:ores/netherite_scrap, forge:ores/quartz, forge:ores/redstone, forge:ores_in_ground/deepslate, forge:ores_in_ground/netherrack, forge:ores_in_ground/stone, forge:raw_materials, forge:raw_materials/copper, forge:raw_materials/gold, forge:raw_materials/iron, forge:rods, forge:rods/blaze, forge:rods/wooden, forge:sand, forge:sand/colorless, forge:sand/red, forge:sandstone, forge:seeds, forge:seeds/beetroot, forge:seeds/melon, forge:seeds/pumpkin, forge:seeds/wheat, forge:shears, forge:slimeballs, forge:stained_glass, forge:stained_glass_panes, forge:stone, forge:storage_blocks, forge:storage_blocks/amethyst, forge:storage_blocks/coal, forge:storage_blocks/copper, forge:storage_blocks/diamond, forge:storage_blocks/emerald, forge:storage_blocks/gold, forge:storage_blocks/iron, forge:storage_blocks/lapis, forge:storage_blocks/netherite, forge:storage_blocks/quartz, forge:storage_blocks/raw_copper, forge:storage_blocks/raw_gold, forge:storage_blocks/raw_iron, forge:storage_blocks/redstone, forge:string, forge:tools, forge:tools/bows, forge:tools/crossbows, forge:tools/fishing_rods, forge:tools/shields, forge:tools/tridents
[16:03:17] [Render thread/WARN] (Minecraft) Not all defined tags for registry ResourceKey[minecraft:root / minecraft:entity_type] are present in data pack: forge:bosses
[16:03:19] [Render thread/INFO] (Minecraft) Loaded 2 advancements
[16:04:40] [Render thread/INFO] (Minecraft) Stopping!
